{"/workspace/cssutilities-options/js/app.js":{"path":"/workspace/cssutilities-options/js/app.js","s":{"1":1,"2":1,"3":0,"4":0,"5":0,"6":0,"7":0,"8":0,"9":0,"10":0,"11":0,"12":0,"13":0,"14":0,"15":0,"16":0,"17":0,"18":0,"19":0,"20":0,"21":0,"22":0,"23":0,"24":0,"25":0,"26":0,"27":0,"28":0,"29":0,"30":0,"31":0,"32":0,"33":0,"34":0,"35":0,"36":0,"37":0,"38":0,"39":0,"40":0,"41":0,"42":0,"43":0,"44":0,"45":0,"46":0,"47":0,"48":0,"49":0,"50":0,"51":0,"52":0,"53":0,"54":0,"55":0,"56":0,"57":0,"58":0,"59":0,"60":0},"b":{"1":[0,0],"2":[0,0],"3":[0,0],"4":[0,0],"5":[0,0],"6":[0,0],"7":[0,0],"8":[0,0],"9":[0,0],"10":[0,0],"11":[0,0],"12":[0,0],"13":[0,0],"14":[0,0],"15":[0,0],"16":[0,0,0,0],"17":[0,0],"18":[0,0],"19":[0,0],"20":[0,0]},"f":{"1":1,"2":0,"3":0},"fnMap":{"1":{"name":"(anonymous_1)","line":1,"loc":{"start":{"line":1,"column":1},"end":{"line":1,"column":12}}},"2":{"name":"(anonymous_2)","line":2,"loc":{"start":{"line":2,"column":23},"end":{"line":2,"column":34}}},"3":{"name":"(anonymous_3)","line":9,"loc":{"start":{"line":9,"column":56},"end":{"line":9,"column":66}}}},"statementMap":{"1":{"start":{"line":1,"column":0},"end":{"line":117,"column":5}},"2":{"start":{"line":2,"column":4},"end":{"line":116,"column":6}},"3":{"start":{"line":3,"column":8},"end":{"line":3,"column":20}},"4":{"start":{"line":4,"column":8},"end":{"line":4,"column":29}},"5":{"start":{"line":5,"column":8},"end":{"line":5,"column":25}},"6":{"start":{"line":7,"column":8},"end":{"line":7,"column":58}},"7":{"start":{"line":9,"column":8},"end":{"line":39,"column":11}},"8":{"start":{"line":11,"column":12},"end":{"line":13,"column":13}},"9":{"start":{"line":12,"column":16},"end":{"line":12,"column":98}},"10":{"start":{"line":17,"column":12},"end":{"line":17,"column":57}},"11":{"start":{"line":21,"column":12},"end":{"line":21,"column":53}},"12":{"start":{"line":24,"column":12},"end":{"line":26,"column":13}},"13":{"start":{"line":25,"column":16},"end":{"line":25,"column":79}},"14":{"start":{"line":28,"column":12},"end":{"line":30,"column":13}},"15":{"start":{"line":29,"column":16},"end":{"line":29,"column":80}},"16":{"start":{"line":32,"column":12},"end":{"line":34,"column":13}},"17":{"start":{"line":33,"column":16},"end":{"line":33,"column":78}},"18":{"start":{"line":36,"column":12},"end":{"line":38,"column":13}},"19":{"start":{"line":37,"column":16},"end":{"line":37,"column":80}},"20":{"start":{"line":41,"column":8},"end":{"line":45,"column":9}},"21":{"start":{"line":42,"column":10},"end":{"line":42,"column":55}},"22":{"start":{"line":43,"column":10},"end":{"line":43,"column":39}},"23":{"start":{"line":44,"column":10},"end":{"line":44,"column":16}},"24":{"start":{"line":47,"column":8},"end":{"line":51,"column":9}},"25":{"start":{"line":48,"column":10},"end":{"line":48,"column":55}},"26":{"start":{"line":49,"column":10},"end":{"line":49,"column":39}},"27":{"start":{"line":50,"column":10},"end":{"line":50,"column":17}},"28":{"start":{"line":53,"column":8},"end":{"line":57,"column":9}},"29":{"start":{"line":54,"column":10},"end":{"line":54,"column":57}},"30":{"start":{"line":55,"column":10},"end":{"line":55,"column":41}},"31":{"start":{"line":56,"column":10},"end":{"line":56,"column":17}},"32":{"start":{"line":59,"column":8},"end":{"line":63,"column":9}},"33":{"start":{"line":60,"column":10},"end":{"line":60,"column":92}},"34":{"start":{"line":61,"column":10},"end":{"line":61,"column":40}},"35":{"start":{"line":62,"column":10},"end":{"line":62,"column":16}},"36":{"start":{"line":66,"column":8},"end":{"line":79,"column":9}},"37":{"start":{"line":68,"column":16},"end":{"line":68,"column":33}},"38":{"start":{"line":69,"column":16},"end":{"line":69,"column":21}},"39":{"start":{"line":71,"column":16},"end":{"line":71,"column":33}},"40":{"start":{"line":72,"column":16},"end":{"line":72,"column":21}},"41":{"start":{"line":74,"column":16},"end":{"line":74,"column":33}},"42":{"start":{"line":75,"column":16},"end":{"line":75,"column":21}},"43":{"start":{"line":77,"column":16},"end":{"line":77,"column":34}},"44":{"start":{"line":78,"column":16},"end":{"line":78,"column":21}},"45":{"start":{"line":81,"column":8},"end":{"line":105,"column":9}},"46":{"start":{"line":82,"column":12},"end":{"line":92,"column":13}},"47":{"start":{"line":83,"column":16},"end":{"line":83,"column":102}},"48":{"start":{"line":85,"column":16},"end":{"line":85,"column":107}},"49":{"start":{"line":87,"column":16},"end":{"line":87,"column":109}},"50":{"start":{"line":89,"column":16},"end":{"line":89,"column":110}},"51":{"start":{"line":91,"column":16},"end":{"line":91,"column":108}},"52":{"start":{"line":94,"column":12},"end":{"line":104,"column":13}},"53":{"start":{"line":95,"column":16},"end":{"line":95,"column":103}},"54":{"start":{"line":97,"column":16},"end":{"line":97,"column":108}},"55":{"start":{"line":99,"column":16},"end":{"line":99,"column":110}},"56":{"start":{"line":101,"column":16},"end":{"line":101,"column":111}},"57":{"start":{"line":103,"column":16},"end":{"line":103,"column":109}},"58":{"start":{"line":107,"column":8},"end":{"line":109,"column":9}},"59":{"start":{"line":111,"column":8},"end":{"line":113,"column":9}},"60":{"start":{"line":115,"column":8},"end":{"line":115,"column":112}}},"branchMap":{"1":{"line":11,"type":"if","locations":[{"start":{"line":11,"column":12},"end":{"line":11,"column":12}},{"start":{"line":11,"column":12},"end":{"line":11,"column":12}}]},"2":{"line":12,"type":"cond-expr","locations":[{"start":{"line":12,"column":73},"end":{"line":12,"column":76}},{"start":{"line":12,"column":79},"end":{"line":12,"column":97}}]},"3":{"line":24,"type":"if","locations":[{"start":{"line":24,"column":12},"end":{"line":24,"column":12}},{"start":{"line":24,"column":12},"end":{"line":24,"column":12}}]},"4":{"line":25,"type":"cond-expr","locations":[{"start":{"line":25,"column":66},"end":{"line":25,"column":70}},{"start":{"line":25,"column":73},"end":{"line":25,"column":78}}]},"5":{"line":28,"type":"if","locations":[{"start":{"line":28,"column":12},"end":{"line":28,"column":12}},{"start":{"line":28,"column":12},"end":{"line":28,"column":12}}]},"6":{"line":29,"type":"cond-expr","locations":[{"start":{"line":29,"column":67},"end":{"line":29,"column":71}},{"start":{"line":29,"column":74},"end":{"line":29,"column":79}}]},"7":{"line":32,"type":"if","locations":[{"start":{"line":32,"column":12},"end":{"line":32,"column":12}},{"start":{"line":32,"column":12},"end":{"line":32,"column":12}}]},"8":{"line":33,"type":"cond-expr","locations":[{"start":{"line":33,"column":65},"end":{"line":33,"column":69}},{"start":{"line":33,"column":72},"end":{"line":33,"column":77}}]},"9":{"line":36,"type":"if","locations":[{"start":{"line":36,"column":12},"end":{"line":36,"column":12}},{"start":{"line":36,"column":12},"end":{"line":36,"column":12}}]},"10":{"line":37,"type":"cond-expr","locations":[{"start":{"line":37,"column":67},"end":{"line":37,"column":71}},{"start":{"line":37,"column":74},"end":{"line":37,"column":79}}]},"11":{"line":41,"type":"if","locations":[{"start":{"line":41,"column":8},"end":{"line":41,"column":8}},{"start":{"line":41,"column":8},"end":{"line":41,"column":8}}]},"12":{"line":47,"type":"if","locations":[{"start":{"line":47,"column":8},"end":{"line":47,"column":8}},{"start":{"line":47,"column":8},"end":{"line":47,"column":8}}]},"13":{"line":53,"type":"if","locations":[{"start":{"line":53,"column":8},"end":{"line":53,"column":8}},{"start":{"line":53,"column":8},"end":{"line":53,"column":8}}]},"14":{"line":59,"type":"if","locations":[{"start":{"line":59,"column":8},"end":{"line":59,"column":8}},{"start":{"line":59,"column":8},"end":{"line":59,"column":8}}]},"15":{"line":59,"type":"binary-expr","locations":[{"start":{"line":59,"column":12},"end":{"line":59,"column":27}},{"start":{"line":59,"column":31},"end":{"line":59,"column":47}}]},"16":{"line":66,"type":"switch","locations":[{"start":{"line":67,"column":12},"end":{"line":69,"column":21}},{"start":{"line":70,"column":12},"end":{"line":72,"column":21}},{"start":{"line":73,"column":12},"end":{"line":75,"column":21}},{"start":{"line":76,"column":12},"end":{"line":78,"column":21}}]},"17":{"line":82,"type":"if","locations":[{"start":{"line":82,"column":12},"end":{"line":82,"column":12}},{"start":{"line":82,"column":12},"end":{"line":82,"column":12}}]},"18":{"line":94,"type":"if","locations":[{"start":{"line":94,"column":12},"end":{"line":94,"column":12}},{"start":{"line":94,"column":12},"end":{"line":94,"column":12}}]},"19":{"line":107,"type":"if","locations":[{"start":{"line":107,"column":8},"end":{"line":107,"column":8}},{"start":{"line":107,"column":8},"end":{"line":107,"column":8}}]},"20":{"line":111,"type":"if","locations":[{"start":{"line":111,"column":8},"end":{"line":111,"column":8}},{"start":{"line":111,"column":8},"end":{"line":111,"column":8}}]}}}}