TN:
SF:/workspace/cssutilities-options/js/app.js
FN:1,(anonymous_1)
FN:2,(anonymous_2)
FN:9,(anonymous_3)
FNF:3
FNH:1
FNDA:1,(anonymous_1)
FNDA:0,(anonymous_2)
FNDA:0,(anonymous_3)
DA:1,1
DA:2,1
DA:3,0
DA:4,0
DA:5,0
DA:7,0
DA:9,0
DA:11,0
DA:12,0
DA:17,0
DA:21,0
DA:24,0
DA:25,0
DA:28,0
DA:29,0
DA:32,0
DA:33,0
DA:36,0
DA:37,0
DA:41,0
DA:42,0
DA:43,0
DA:44,0
DA:47,0
DA:48,0
DA:49,0
DA:50,0
DA:53,0
DA:54,0
DA:55,0
DA:56,0
DA:59,0
DA:60,0
DA:61,0
DA:62,0
DA:66,0
DA:68,0
DA:69,0
DA:71,0
DA:72,0
DA:74,0
DA:75,0
DA:77,0
DA:78,0
DA:81,0
DA:82,0
DA:83,0
DA:85,0
DA:87,0
DA:89,0
DA:91,0
DA:94,0
DA:95,0
DA:97,0
DA:99,0
DA:101,0
DA:103,0
DA:107,0
DA:111,0
DA:115,0
LF:60
LH:2
BRDA:11,1,0,0
BRDA:11,1,1,0
BRDA:12,2,0,0
BRDA:12,2,1,0
BRDA:24,3,0,0
BRDA:24,3,1,0
BRDA:25,4,0,0
BRDA:25,4,1,0
BRDA:28,5,0,0
BRDA:28,5,1,0
BRDA:29,6,0,0
BRDA:29,6,1,0
BRDA:32,7,0,0
BRDA:32,7,1,0
BRDA:33,8,0,0
BRDA:33,8,1,0
BRDA:36,9,0,0
BRDA:36,9,1,0
BRDA:37,10,0,0
BRDA:37,10,1,0
BRDA:41,11,0,0
BRDA:41,11,1,0
BRDA:47,12,0,0
BRDA:47,12,1,0
BRDA:53,13,0,0
BRDA:53,13,1,0
BRDA:59,14,0,0
BRDA:59,14,1,0
BRDA:59,15,0,0
BRDA:59,15,1,0
BRDA:66,16,0,0
BRDA:66,16,1,0
BRDA:66,16,2,0
BRDA:66,16,3,0
BRDA:82,17,0,0
BRDA:82,17,1,0
BRDA:94,18,0,0
BRDA:94,18,1,0
BRDA:107,19,0,0
BRDA:107,19,1,0
BRDA:111,20,0,0
BRDA:111,20,1,0
BRF:42
BRH:0
end_of_record
