{"/workspace/cssutilities-options/cssutilities.js":{"path":"/workspace/cssutilities-options/cssutilities.js","s":{"1":1,"2":1,"3":1,"4":1,"5":1,"6":1,"7":1,"8":1,"9":1,"10":1,"11":1,"12":1,"13":1,"14":1,"15":0,"16":0,"17":0,"18":0,"19":0,"20":0,"21":1,"22":1,"23":0,"24":0,"25":0,"26":0,"27":0,"28":1,"29":1,"30":1,"31":1,"32":1,"33":1,"34":1,"35":0,"36":1,"37":1,"38":0,"39":0,"40":1,"41":1,"42":0,"43":1,"44":1,"45":1,"46":0,"47":1,"48":0},"b":{"1":[1,0],"2":[1,0],"3":[1,0,0,0],"4":[0,1],"5":[1,0],"6":[0,1],"7":[0,1],"8":[0,1],"9":[1,1],"10":[1,0],"11":[0,1]},"f":{"1":1,"2":1,"3":1,"4":1},"fnMap":{"1":{"name":"(anonymous_1)","line":16,"loc":{"start":{"line":16,"column":14},"end":{"line":16,"column":31}}},"2":{"name":"(anonymous_2)","line":25,"loc":{"start":{"line":25,"column":14},"end":{"line":25,"column":31}}},"3":{"name":"(anonymous_3)","line":57,"loc":{"start":{"line":57,"column":25},"end":{"line":57,"column":44}}},"4":{"name":"(anonymous_4)","line":125,"loc":{"start":{"line":125,"column":29},"end":{"line":125,"column":44}}}},"statementMap":{"1":{"start":{"line":1,"column":0},"end":{"line":1,"column":34}},"2":{"start":{"line":2,"column":0},"end":{"line":2,"column":40}},"3":{"start":{"line":3,"column":0},"end":{"line":3,"column":22}},"4":{"start":{"line":5,"column":0},"end":{"line":55,"column":4}},"5":{"start":{"line":17,"column":6},"end":{"line":17,"column":43}},"6":{"start":{"line":18,"column":6},"end":{"line":18,"column":45}},"7":{"start":{"line":26,"column":6},"end":{"line":26,"column":43}},"8":{"start":{"line":27,"column":6},"end":{"line":27,"column":45}},"9":{"start":{"line":57,"column":0},"end":{"line":132,"column":2}},"10":{"start":{"line":58,"column":2},"end":{"line":58,"column":14}},"11":{"start":{"line":59,"column":2},"end":{"line":59,"column":22}},"12":{"start":{"line":61,"column":2},"end":{"line":75,"column":3}},"13":{"start":{"line":63,"column":6},"end":{"line":63,"column":23}},"14":{"start":{"line":64,"column":6},"end":{"line":64,"column":11}},"15":{"start":{"line":66,"column":6},"end":{"line":66,"column":23}},"16":{"start":{"line":67,"column":6},"end":{"line":67,"column":11}},"17":{"start":{"line":69,"column":6},"end":{"line":69,"column":23}},"18":{"start":{"line":70,"column":6},"end":{"line":70,"column":11}},"19":{"start":{"line":72,"column":6},"end":{"line":72,"column":24}},"20":{"start":{"line":73,"column":6},"end":{"line":73,"column":11}},"21":{"start":{"line":77,"column":2},"end":{"line":101,"column":3}},"22":{"start":{"line":78,"column":4},"end":{"line":88,"column":5}},"23":{"start":{"line":79,"column":6},"end":{"line":79,"column":82}},"24":{"start":{"line":81,"column":6},"end":{"line":81,"column":87}},"25":{"start":{"line":83,"column":6},"end":{"line":83,"column":89}},"26":{"start":{"line":85,"column":6},"end":{"line":85,"column":90}},"27":{"start":{"line":87,"column":6},"end":{"line":87,"column":88}},"28":{"start":{"line":90,"column":4},"end":{"line":100,"column":5}},"29":{"start":{"line":91,"column":6},"end":{"line":91,"column":83}},"30":{"start":{"line":93,"column":6},"end":{"line":93,"column":88}},"31":{"start":{"line":95,"column":6},"end":{"line":95,"column":90}},"32":{"start":{"line":97,"column":6},"end":{"line":97,"column":91}},"33":{"start":{"line":99,"column":6},"end":{"line":99,"column":89}},"34":{"start":{"line":103,"column":2},"end":{"line":105,"column":3}},"35":{"start":{"line":104,"column":4},"end":{"line":104,"column":191}},"36":{"start":{"line":107,"column":2},"end":{"line":107,"column":32}},"37":{"start":{"line":108,"column":2},"end":{"line":118,"column":3}},"38":{"start":{"line":109,"column":4},"end":{"line":113,"column":6}},"39":{"start":{"line":115,"column":4},"end":{"line":115,"column":20}},"40":{"start":{"line":117,"column":4},"end":{"line":117,"column":34}},"41":{"start":{"line":120,"column":2},"end":{"line":122,"column":3}},"42":{"start":{"line":121,"column":4},"end":{"line":121,"column":72}},"43":{"start":{"line":124,"column":2},"end":{"line":131,"column":3}},"44":{"start":{"line":125,"column":4},"end":{"line":128,"column":6}},"45":{"start":{"line":126,"column":6},"end":{"line":126,"column":24}},"46":{"start":{"line":126,"column":15},"end":{"line":126,"column":24}},"47":{"start":{"line":127,"column":6},"end":{"line":127,"column":32}},"48":{"start":{"line":130,"column":4},"end":{"line":130,"column":20}}},"branchMap":{"1":{"line":18,"type":"binary-expr","locations":[{"start":{"line":18,"column":13},"end":{"line":18,"column":18}},{"start":{"line":18,"column":22},"end":{"line":18,"column":45}}]},"2":{"line":27,"type":"binary-expr","locations":[{"start":{"line":27,"column":13},"end":{"line":27,"column":18}},{"start":{"line":27,"column":22},"end":{"line":27,"column":45}}]},"3":{"line":61,"type":"switch","locations":[{"start":{"line":62,"column":4},"end":{"line":64,"column":11}},{"start":{"line":65,"column":4},"end":{"line":67,"column":11}},{"start":{"line":68,"column":4},"end":{"line":70,"column":11}},{"start":{"line":71,"column":4},"end":{"line":73,"column":11}}]},"4":{"line":78,"type":"if","locations":[{"start":{"line":78,"column":4},"end":{"line":78,"column":4}},{"start":{"line":78,"column":4},"end":{"line":78,"column":4}}]},"5":{"line":90,"type":"if","locations":[{"start":{"line":90,"column":4},"end":{"line":90,"column":4}},{"start":{"line":90,"column":4},"end":{"line":90,"column":4}}]},"6":{"line":103,"type":"if","locations":[{"start":{"line":103,"column":2},"end":{"line":103,"column":2}},{"start":{"line":103,"column":2},"end":{"line":103,"column":2}}]},"7":{"line":108,"type":"if","locations":[{"start":{"line":108,"column":2},"end":{"line":108,"column":2}},{"start":{"line":108,"column":2},"end":{"line":108,"column":2}}]},"8":{"line":120,"type":"if","locations":[{"start":{"line":120,"column":2},"end":{"line":120,"column":2}},{"start":{"line":120,"column":2},"end":{"line":120,"column":2}}]},"9":{"line":120,"type":"binary-expr","locations":[{"start":{"line":120,"column":6},"end":{"line":120,"column":21}},{"start":{"line":120,"column":25},"end":{"line":120,"column":41}}]},"10":{"line":124,"type":"if","locations":[{"start":{"line":124,"column":2},"end":{"line":124,"column":2}},{"start":{"line":124,"column":2},"end":{"line":124,"column":2}}]},"11":{"line":126,"type":"if","locations":[{"start":{"line":126,"column":6},"end":{"line":126,"column":6}},{"start":{"line":126,"column":6},"end":{"line":126,"column":6}}]}}}}