TN:
SF:/workspace/cssutilities-options/cssutilities.js
FN:16,(anonymous_1)
FN:25,(anonymous_2)
FN:57,(anonymous_3)
FN:125,(anonymous_4)
FNF:4
FNH:4
FNDA:1,(anonymous_1)
FNDA:1,(anonymous_2)
FNDA:1,(anonymous_3)
FNDA:1,(anonymous_4)
DA:1,1
DA:2,1
DA:3,1
DA:5,1
DA:17,1
DA:18,1
DA:26,1
DA:27,1
DA:57,1
DA:58,1
DA:59,1
DA:61,1
DA:63,1
DA:64,1
DA:66,0
DA:67,0
DA:69,0
DA:70,0
DA:72,0
DA:73,0
DA:77,1
DA:78,1
DA:79,0
DA:81,0
DA:83,0
DA:85,0
DA:87,0
DA:90,1
DA:91,1
DA:93,1
DA:95,1
DA:97,1
DA:99,1
DA:103,1
DA:104,0
DA:107,1
DA:108,1
DA:109,0
DA:115,0
DA:117,1
DA:120,1
DA:121,0
DA:124,1
DA:125,1
DA:126,1
DA:127,1
DA:130,0
LF:47
LH:31
BRDA:18,1,0,1
BRDA:18,1,1,0
BRDA:27,2,0,1
BRDA:27,2,1,0
BRDA:61,3,0,1
BRDA:61,3,1,0
BRDA:61,3,2,0
BRDA:61,3,3,0
BRDA:78,4,0,0
BRDA:78,4,1,1
BRDA:90,5,0,1
BRDA:90,5,1,0
BRDA:103,6,0,0
BRDA:103,6,1,1
BRDA:108,7,0,0
BRDA:108,7,1,1
BRDA:120,8,0,0
BRDA:120,8,1,1
BRDA:120,9,0,1
BRDA:120,9,1,1
BRDA:124,10,0,1
BRDA:124,10,1,0
BRDA:126,11,0,0
BRDA:126,11,1,1
BRF:24
BRH:12
end_of_record
